{"C:\\Users\\nada\\Desktop\\Thesis-Project-current\\Avengers-1\\familyApp\\app\\components\\Bar.js": {"path":"C:\\Users\\nada\\Desktop\\Thesis-Project-current\\Avengers-1\\familyApp\\app\\components\\Bar.js","statementMap":{"0":{"start":{"line":20,"column":15},"end":{"line":25,"column":1}},"1":{"start":{"line":33,"column":4},"end":{"line":33,"column":12}},"2":{"start":{"line":35,"column":4},"end":{"line":45,"column":6}},"3":{"start":{"line":47,"column":4},"end":{"line":47,"column":47}},"4":{"start":{"line":50,"column":4},"end":{"line":50,"column":8}},"5":{"start":{"line":53,"column":4},"end":{"line":59,"column":5}},"6":{"start":{"line":54,"column":15},"end":{"line":54,"column":49}},"7":{"start":{"line":55,"column":6},"end":{"line":55,"column":32}},"8":{"start":{"line":58,"column":6},"end":{"line":58,"column":18}},"9":{"start":{"line":64,"column":4},"end":{"line":121,"column":6}},"10":{"start":{"line":75,"column":37},"end":{"line":75,"column":71}},"11":{"start":{"line":76,"column":37},"end":{"line":76,"column":71}},"12":{"start":{"line":83,"column":39},"end":{"line":83,"column":141}},"13":{"start":{"line":84,"column":38},"end":{"line":84,"column":140}},"14":{"start":{"line":96,"column":38},"end":{"line":96,"column":79}},"15":{"start":{"line":97,"column":38},"end":{"line":97,"column":79}},"16":{"start":{"line":102,"column":40},"end":{"line":102,"column":181}},"17":{"start":{"line":105,"column":36},"end":{"line":105,"column":177}},"18":{"start":{"line":112,"column":38},"end":{"line":112,"column":77}},"19":{"start":{"line":114,"column":36},"end":{"line":114,"column":75}},"20":{"start":{"line":125,"column":15},"end":{"line":209,"column":2}}},"fnMap":{"0":{"name":"(anonymous_0)","decl":{"start":{"line":31,"column":2},"end":{"line":31,"column":3}},"loc":{"start":{"line":31,"column":15},"end":{"line":48,"column":3}},"line":31},"1":{"name":"(anonymous_1)","decl":{"start":{"line":49,"column":2},"end":{"line":49,"column":3}},"loc":{"start":{"line":49,"column":15},"end":{"line":51,"column":3}},"line":49},"2":{"name":"(anonymous_2)","decl":{"start":{"line":52,"column":14},"end":{"line":52,"column":15}},"loc":{"start":{"line":52,"column":23},"end":{"line":60,"column":3}},"line":52},"3":{"name":"(anonymous_3)","decl":{"start":{"line":62,"column":2},"end":{"line":62,"column":3}},"loc":{"start":{"line":62,"column":11},"end":{"line":122,"column":3}},"line":62},"4":{"name":"(anonymous_4)","decl":{"start":{"line":75,"column":32},"end":{"line":75,"column":33}},"loc":{"start":{"line":75,"column":37},"end":{"line":75,"column":71}},"line":75},"5":{"name":"(anonymous_5)","decl":{"start":{"line":76,"column":31},"end":{"line":76,"column":32}},"loc":{"start":{"line":76,"column":37},"end":{"line":76,"column":71}},"line":76},"6":{"name":"(anonymous_6)","decl":{"start":{"line":83,"column":34},"end":{"line":83,"column":35}},"loc":{"start":{"line":83,"column":39},"end":{"line":83,"column":141}},"line":83},"7":{"name":"(anonymous_7)","decl":{"start":{"line":84,"column":33},"end":{"line":84,"column":34}},"loc":{"start":{"line":84,"column":38},"end":{"line":84,"column":140}},"line":84},"8":{"name":"(anonymous_8)","decl":{"start":{"line":96,"column":33},"end":{"line":96,"column":34}},"loc":{"start":{"line":96,"column":38},"end":{"line":96,"column":79}},"line":96},"9":{"name":"(anonymous_9)","decl":{"start":{"line":97,"column":33},"end":{"line":97,"column":34}},"loc":{"start":{"line":97,"column":38},"end":{"line":97,"column":79}},"line":97},"10":{"name":"(anonymous_10)","decl":{"start":{"line":102,"column":34},"end":{"line":102,"column":35}},"loc":{"start":{"line":102,"column":40},"end":{"line":102,"column":181}},"line":102},"11":{"name":"(anonymous_11)","decl":{"start":{"line":105,"column":31},"end":{"line":105,"column":32}},"loc":{"start":{"line":105,"column":36},"end":{"line":105,"column":177}},"line":105},"12":{"name":"(anonymous_12)","decl":{"start":{"line":112,"column":32},"end":{"line":112,"column":33}},"loc":{"start":{"line":112,"column":38},"end":{"line":112,"column":77}},"line":112},"13":{"name":"(anonymous_13)","decl":{"start":{"line":114,"column":31},"end":{"line":114,"column":32}},"loc":{"start":{"line":114,"column":36},"end":{"line":114,"column":75}},"line":114}},"branchMap":{"0":{"loc":{"start":{"line":83,"column":39},"end":{"line":83,"column":141}},"type":"cond-expr","locations":[{"start":{"line":83,"column":94},"end":{"line":83,"column":136}},{"start":{"line":83,"column":137},"end":{"line":83,"column":141}}],"line":83},"1":{"loc":{"start":{"line":83,"column":39},"end":{"line":83,"column":93}},"type":"binary-expr","locations":[{"start":{"line":83,"column":39},"end":{"line":83,"column":65}},{"start":{"line":83,"column":67},"end":{"line":83,"column":93}}],"line":83},"2":{"loc":{"start":{"line":84,"column":38},"end":{"line":84,"column":140}},"type":"cond-expr","locations":[{"start":{"line":84,"column":93},"end":{"line":84,"column":135}},{"start":{"line":84,"column":136},"end":{"line":84,"column":140}}],"line":84},"3":{"loc":{"start":{"line":84,"column":38},"end":{"line":84,"column":92}},"type":"binary-expr","locations":[{"start":{"line":84,"column":38},"end":{"line":84,"column":64}},{"start":{"line":84,"column":66},"end":{"line":84,"column":92}}],"line":84},"4":{"loc":{"start":{"line":102,"column":40},"end":{"line":102,"column":181}},"type":"cond-expr","locations":[{"start":{"line":102,"column":95},"end":{"line":102,"column":134}},{"start":{"line":102,"column":135},"end":{"line":102,"column":181}}],"line":102},"5":{"loc":{"start":{"line":102,"column":40},"end":{"line":102,"column":94}},"type":"binary-expr","locations":[{"start":{"line":102,"column":40},"end":{"line":102,"column":66}},{"start":{"line":102,"column":68},"end":{"line":102,"column":94}}],"line":102},"6":{"loc":{"start":{"line":105,"column":36},"end":{"line":105,"column":177}},"type":"cond-expr","locations":[{"start":{"line":105,"column":91},"end":{"line":105,"column":130}},{"start":{"line":105,"column":131},"end":{"line":105,"column":177}}],"line":105},"7":{"loc":{"start":{"line":105,"column":36},"end":{"line":105,"column":90}},"type":"binary-expr","locations":[{"start":{"line":105,"column":36},"end":{"line":105,"column":62}},{"start":{"line":105,"column":64},"end":{"line":105,"column":90}}],"line":105}},"s":{"0":1,"1":0,"2":0,"3":0,"4":0,"5":0,"6":0,"7":0,"8":0,"9":0,"10":0,"11":0,"12":0,"13":0,"14":0,"15":0,"16":0,"17":0,"18":0,"19":0,"20":1},"f":{"0":0,"1":0,"2":0,"3":0,"4":0,"5":0,"6":0,"7":0,"8":0,"9":0,"10":0,"11":0,"12":0,"13":0},"b":{"0":[0,0],"1":[0,0],"2":[0,0],"3":[0,0],"4":[0,0],"5":[0,0],"6":[0,0],"7":[0,0]},"_coverageSchema":"332fd63041d2c1bcb487cc26dd0d5f7d97098a6c","hash":"983b18903981bc2e08bba33e43ba44fed29681a6"}
,"C:\\Users\\nada\\Desktop\\Thesis-Project-current\\Avengers-1\\familyApp\\app\\components\\Drawer.js": {"path":"C:\\Users\\nada\\Desktop\\Thesis-Project-current\\Avengers-1\\familyApp\\app\\components\\Drawer.js","statementMap":{"0":{"start":{"line":22,"column":15},"end":{"line":76,"column":1}},"1":{"start":{"line":86,"column":4},"end":{"line":90,"column":6}},"2":{"start":{"line":94,"column":15},"end":{"line":102,"column":2}}},"fnMap":{"0":{"name":"(anonymous_0)","decl":{"start":{"line":84,"column":2},"end":{"line":84,"column":3}},"loc":{"start":{"line":84,"column":11},"end":{"line":91,"column":3}},"line":84}},"branchMap":{},"s":{"0":1,"1":1,"2":1},"f":{"0":1},"b":{},"_coverageSchema":"332fd63041d2c1bcb487cc26dd0d5f7d97098a6c","hash":"9ae20060bc7b04ae40b3202a18d5dd71806d10e6"}
,"C:\\Users\\nada\\Desktop\\Thesis-Project-current\\Avengers-1\\familyApp\\app\\components\\Finance.js": {"path":"C:\\Users\\nada\\Desktop\\Thesis-Project-current\\Avengers-1\\familyApp\\app\\components\\Finance.js","statementMap":{"0":{"start":{"line":18,"column":4},"end":{"line":18,"column":12}},"1":{"start":{"line":19,"column":4},"end":{"line":32,"column":6}},"2":{"start":{"line":36,"column":4},"end":{"line":36,"column":17}},"3":{"start":{"line":39,"column":4},"end":{"line":47,"column":5}},"4":{"start":{"line":40,"column":13},"end":{"line":40,"column":51}},"5":{"start":{"line":41,"column":6},"end":{"line":41,"column":28}},"6":{"start":{"line":43,"column":6},"end":{"line":43,"column":27}},"7":{"start":{"line":46,"column":6},"end":{"line":46,"column":18}},"8":{"start":{"line":50,"column":13},"end":{"line":50,"column":17}},"9":{"start":{"line":52,"column":4},"end":{"line":52,"column":32}},"10":{"start":{"line":53,"column":4},"end":{"line":64,"column":7}},"11":{"start":{"line":55,"column":6},"end":{"line":55,"column":50}},"12":{"start":{"line":56,"column":6},"end":{"line":56,"column":46}},"13":{"start":{"line":57,"column":6},"end":{"line":57,"column":33}},"14":{"start":{"line":62,"column":6},"end":{"line":62,"column":23}},"15":{"start":{"line":63,"column":6},"end":{"line":63,"column":16}},"16":{"start":{"line":67,"column":4},"end":{"line":67,"column":33}},"17":{"start":{"line":68,"column":4},"end":{"line":75,"column":7}},"18":{"start":{"line":73,"column":6},"end":{"line":73,"column":23}},"19":{"start":{"line":74,"column":6},"end":{"line":74,"column":46}},"20":{"start":{"line":78,"column":14},"end":{"line":78,"column":15}},"21":{"start":{"line":79,"column":4},"end":{"line":81,"column":5}},"22":{"start":{"line":80,"column":6},"end":{"line":80,"column":40}},"23":{"start":{"line":82,"column":4},"end":{"line":82,"column":50}},"24":{"start":{"line":85,"column":4},"end":{"line":85,"column":30}},"25":{"start":{"line":86,"column":4},"end":{"line":86,"column":30}},"26":{"start":{"line":87,"column":4},"end":{"line":87,"column":47}},"27":{"start":{"line":90,"column":4},"end":{"line":107,"column":5}},"28":{"start":{"line":91,"column":6},"end":{"line":91,"column":73}},"29":{"start":{"line":94,"column":6},"end":{"line":106,"column":7}},"30":{"start":{"line":95,"column":8},"end":{"line":95,"column":40}},"31":{"start":{"line":96,"column":13},"end":{"line":106,"column":7}},"32":{"start":{"line":97,"column":8},"end":{"line":97,"column":40}},"33":{"start":{"line":99,"column":8},"end":{"line":99,"column":60}},"34":{"start":{"line":100,"column":8},"end":{"line":100,"column":72}},"35":{"start":{"line":101,"column":8},"end":{"line":101,"column":35}},"36":{"start":{"line":102,"column":8},"end":{"line":102,"column":34}},"37":{"start":{"line":103,"column":8},"end":{"line":103,"column":34}},"38":{"start":{"line":104,"column":8},"end":{"line":104,"column":30}},"39":{"start":{"line":105,"column":8},"end":{"line":105,"column":51}},"40":{"start":{"line":111,"column":4},"end":{"line":111,"column":46}},"41":{"start":{"line":114,"column":4},"end":{"line":116,"column":5}},"42":{"start":{"line":115,"column":6},"end":{"line":115,"column":59}},"43":{"start":{"line":117,"column":4},"end":{"line":117,"column":39}},"44":{"start":{"line":121,"column":20},"end":{"line":121,"column":22}},"45":{"start":{"line":122,"column":18},"end":{"line":122,"column":30}},"46":{"start":{"line":123,"column":4},"end":{"line":127,"column":5}},"47":{"start":{"line":124,"column":6},"end":{"line":126,"column":7}},"48":{"start":{"line":125,"column":8},"end":{"line":125,"column":41}},"49":{"start":{"line":128,"column":4},"end":{"line":128,"column":44}},"50":{"start":{"line":131,"column":4},"end":{"line":131,"column":30}},"51":{"start":{"line":132,"column":4},"end":{"line":132,"column":30}},"52":{"start":{"line":133,"column":4},"end":{"line":133,"column":48}},"53":{"start":{"line":136,"column":14},"end":{"line":136,"column":15}},"54":{"start":{"line":137,"column":4},"end":{"line":156,"column":5}},"55":{"start":{"line":138,"column":6},"end":{"line":138,"column":38}},"56":{"start":{"line":139,"column":11},"end":{"line":156,"column":5}},"57":{"start":{"line":140,"column":6},"end":{"line":140,"column":38}},"58":{"start":{"line":142,"column":6},"end":{"line":146,"column":7}},"59":{"start":{"line":143,"column":8},"end":{"line":145,"column":9}},"60":{"start":{"line":144,"column":10},"end":{"line":144,"column":18}},"61":{"start":{"line":147,"column":6},"end":{"line":147,"column":69}},"62":{"start":{"line":148,"column":6},"end":{"line":148,"column":81}},"63":{"start":{"line":149,"column":6},"end":{"line":149,"column":33}},"64":{"start":{"line":150,"column":6},"end":{"line":150,"column":29}},"65":{"start":{"line":151,"column":6},"end":{"line":151,"column":32}},"66":{"start":{"line":152,"column":6},"end":{"line":152,"column":32}},"67":{"start":{"line":153,"column":6},"end":{"line":153,"column":14}},"68":{"start":{"line":154,"column":6},"end":{"line":154,"column":28}},"69":{"start":{"line":155,"column":6},"end":{"line":155,"column":50}},"70":{"start":{"line":159,"column":4},"end":{"line":159,"column":47}},"71":{"start":{"line":162,"column":4},"end":{"line":162,"column":50}},"72":{"start":{"line":165,"column":4},"end":{"line":181,"column":5}},"73":{"start":{"line":166,"column":6},"end":{"line":166,"column":42}},"74":{"start":{"line":168,"column":16},"end":{"line":168,"column":17}},"75":{"start":{"line":169,"column":6},"end":{"line":173,"column":7}},"76":{"start":{"line":170,"column":8},"end":{"line":172,"column":9}},"77":{"start":{"line":171,"column":10},"end":{"line":171,"column":18}},"78":{"start":{"line":174,"column":6},"end":{"line":174,"column":43}},"79":{"start":{"line":175,"column":6},"end":{"line":175,"column":43}},"80":{"start":{"line":176,"column":6},"end":{"line":176,"column":33}},"81":{"start":{"line":177,"column":6},"end":{"line":177,"column":31}},"82":{"start":{"line":178,"column":6},"end":{"line":178,"column":14}},"83":{"start":{"line":179,"column":6},"end":{"line":179,"column":28}},"84":{"start":{"line":180,"column":6},"end":{"line":180,"column":52}},"85":{"start":{"line":184,"column":4},"end":{"line":184,"column":49}},"86":{"start":{"line":188,"column":4},"end":{"line":280,"column":6}},"87":{"start":{"line":213,"column":37},"end":{"line":213,"column":61}},"88":{"start":{"line":215,"column":38},"end":{"line":215,"column":63}},"89":{"start":{"line":234,"column":48},"end":{"line":234,"column":81}},"90":{"start":{"line":239,"column":18},"end":{"line":239,"column":85}},"91":{"start":{"line":243,"column":37},"end":{"line":243,"column":61}},"92":{"start":{"line":245,"column":38},"end":{"line":245,"column":63}},"93":{"start":{"line":264,"column":50},"end":{"line":264,"column":85}},"94":{"start":{"line":269,"column":20},"end":{"line":269,"column":87}},"95":{"start":{"line":283,"column":15},"end":{"line":443,"column":2}}},"fnMap":{"0":{"name":"(anonymous_0)","decl":{"start":{"line":16,"column":2},"end":{"line":16,"column":3}},"loc":{"start":{"line":16,"column":15},"end":{"line":33,"column":3}},"line":16},"1":{"name":"(anonymous_1)","decl":{"start":{"line":35,"column":2},"end":{"line":35,"column":3}},"loc":{"start":{"line":35,"column":22},"end":{"line":37,"column":3}},"line":35},"2":{"name":"(anonymous_2)","decl":{"start":{"line":38,"column":9},"end":{"line":38,"column":10}},"loc":{"start":{"line":38,"column":18},"end":{"line":48,"column":3}},"line":38},"3":{"name":"(anonymous_3)","decl":{"start":{"line":49,"column":2},"end":{"line":49,"column":3}},"loc":{"start":{"line":49,"column":18},"end":{"line":65,"column":3}},"line":49},"4":{"name":"(anonymous_4)","decl":{"start":{"line":54,"column":10},"end":{"line":54,"column":11}},"loc":{"start":{"line":54,"column":25},"end":{"line":60,"column":5}},"line":54},"5":{"name":"(anonymous_5)","decl":{"start":{"line":61,"column":11},"end":{"line":61,"column":12}},"loc":{"start":{"line":61,"column":26},"end":{"line":64,"column":5}},"line":61},"6":{"name":"(anonymous_6)","decl":{"start":{"line":66,"column":2},"end":{"line":66,"column":3}},"loc":{"start":{"line":66,"column":19},"end":{"line":76,"column":3}},"line":66},"7":{"name":"(anonymous_7)","decl":{"start":{"line":69,"column":10},"end":{"line":69,"column":11}},"loc":{"start":{"line":69,"column":25},"end":{"line":71,"column":5}},"line":69},"8":{"name":"(anonymous_8)","decl":{"start":{"line":72,"column":11},"end":{"line":72,"column":12}},"loc":{"start":{"line":72,"column":26},"end":{"line":75,"column":5}},"line":72},"9":{"name":"(anonymous_9)","decl":{"start":{"line":77,"column":2},"end":{"line":77,"column":3}},"loc":{"start":{"line":77,"column":23},"end":{"line":83,"column":3}},"line":77},"10":{"name":"(anonymous_10)","decl":{"start":{"line":84,"column":2},"end":{"line":84,"column":3}},"loc":{"start":{"line":84,"column":19},"end":{"line":88,"column":3}},"line":84},"11":{"name":"(anonymous_11)","decl":{"start":{"line":89,"column":2},"end":{"line":89,"column":3}},"loc":{"start":{"line":89,"column":13},"end":{"line":108,"column":3}},"line":89},"12":{"name":"(anonymous_12)","decl":{"start":{"line":109,"column":2},"end":{"line":109,"column":3}},"loc":{"start":{"line":109,"column":16},"end":{"line":112,"column":3}},"line":109},"13":{"name":"(anonymous_13)","decl":{"start":{"line":113,"column":2},"end":{"line":113,"column":3}},"loc":{"start":{"line":113,"column":21},"end":{"line":118,"column":3}},"line":113},"14":{"name":"(anonymous_14)","decl":{"start":{"line":119,"column":2},"end":{"line":119,"column":3}},"loc":{"start":{"line":119,"column":23},"end":{"line":129,"column":3}},"line":119},"15":{"name":"(anonymous_15)","decl":{"start":{"line":130,"column":2},"end":{"line":130,"column":3}},"loc":{"start":{"line":130,"column":20},"end":{"line":134,"column":3}},"line":130},"16":{"name":"(anonymous_16)","decl":{"start":{"line":135,"column":2},"end":{"line":135,"column":3}},"loc":{"start":{"line":135,"column":14},"end":{"line":157,"column":3}},"line":135},"17":{"name":"(anonymous_17)","decl":{"start":{"line":158,"column":2},"end":{"line":158,"column":3}},"loc":{"start":{"line":158,"column":19},"end":{"line":160,"column":3}},"line":158},"18":{"name":"(anonymous_18)","decl":{"start":{"line":161,"column":2},"end":{"line":161,"column":3}},"loc":{"start":{"line":161,"column":22},"end":{"line":163,"column":3}},"line":161},"19":{"name":"(anonymous_19)","decl":{"start":{"line":164,"column":2},"end":{"line":164,"column":3}},"loc":{"start":{"line":164,"column":16},"end":{"line":182,"column":3}},"line":164},"20":{"name":"(anonymous_20)","decl":{"start":{"line":183,"column":2},"end":{"line":183,"column":3}},"loc":{"start":{"line":183,"column":21},"end":{"line":185,"column":3}},"line":183},"21":{"name":"(anonymous_21)","decl":{"start":{"line":186,"column":2},"end":{"line":186,"column":3}},"loc":{"start":{"line":186,"column":11},"end":{"line":281,"column":3}},"line":186},"22":{"name":"(anonymous_22)","decl":{"start":{"line":213,"column":28},"end":{"line":213,"column":29}},"loc":{"start":{"line":213,"column":37},"end":{"line":213,"column":61}},"line":213},"23":{"name":"(anonymous_23)","decl":{"start":{"line":215,"column":28},"end":{"line":215,"column":29}},"loc":{"start":{"line":215,"column":38},"end":{"line":215,"column":63}},"line":215},"24":{"name":"(anonymous_24)","decl":{"start":{"line":234,"column":31},"end":{"line":234,"column":32}},"loc":{"start":{"line":234,"column":48},"end":{"line":234,"column":81}},"line":234},"25":{"name":"(anonymous_25)","decl":{"start":{"line":238,"column":42},"end":{"line":238,"column":43}},"loc":{"start":{"line":238,"column":56},"end":{"line":240,"column":17}},"line":238},"26":{"name":"(anonymous_26)","decl":{"start":{"line":243,"column":28},"end":{"line":243,"column":29}},"loc":{"start":{"line":243,"column":37},"end":{"line":243,"column":61}},"line":243},"27":{"name":"(anonymous_27)","decl":{"start":{"line":245,"column":28},"end":{"line":245,"column":29}},"loc":{"start":{"line":245,"column":38},"end":{"line":245,"column":63}},"line":245},"28":{"name":"(anonymous_28)","decl":{"start":{"line":264,"column":33},"end":{"line":264,"column":34}},"loc":{"start":{"line":264,"column":50},"end":{"line":264,"column":85}},"line":264},"29":{"name":"(anonymous_29)","decl":{"start":{"line":268,"column":44},"end":{"line":268,"column":45}},"loc":{"start":{"line":268,"column":58},"end":{"line":270,"column":19}},"line":268}},"branchMap":{"0":{"loc":{"start":{"line":90,"column":4},"end":{"line":107,"column":5}},"type":"if","locations":[{"start":{"line":90,"column":4},"end":{"line":107,"column":5}},{"start":{"line":90,"column":4},"end":{"line":107,"column":5}}],"line":90},"1":{"loc":{"start":{"line":94,"column":6},"end":{"line":106,"column":7}},"type":"if","locations":[{"start":{"line":94,"column":6},"end":{"line":106,"column":7}},{"start":{"line":94,"column":6},"end":{"line":106,"column":7}}],"line":94},"2":{"loc":{"start":{"line":96,"column":13},"end":{"line":106,"column":7}},"type":"if","locations":[{"start":{"line":96,"column":13},"end":{"line":106,"column":7}},{"start":{"line":96,"column":13},"end":{"line":106,"column":7}}],"line":96},"3":{"loc":{"start":{"line":114,"column":4},"end":{"line":116,"column":5}},"type":"if","locations":[{"start":{"line":114,"column":4},"end":{"line":116,"column":5}},{"start":{"line":114,"column":4},"end":{"line":116,"column":5}}],"line":114},"4":{"loc":{"start":{"line":124,"column":6},"end":{"line":126,"column":7}},"type":"if","locations":[{"start":{"line":124,"column":6},"end":{"line":126,"column":7}},{"start":{"line":124,"column":6},"end":{"line":126,"column":7}}],"line":124},"5":{"loc":{"start":{"line":137,"column":4},"end":{"line":156,"column":5}},"type":"if","locations":[{"start":{"line":137,"column":4},"end":{"line":156,"column":5}},{"start":{"line":137,"column":4},"end":{"line":156,"column":5}}],"line":137},"6":{"loc":{"start":{"line":139,"column":11},"end":{"line":156,"column":5}},"type":"if","locations":[{"start":{"line":139,"column":11},"end":{"line":156,"column":5}},{"start":{"line":139,"column":11},"end":{"line":156,"column":5}}],"line":139},"7":{"loc":{"start":{"line":143,"column":8},"end":{"line":145,"column":9}},"type":"if","locations":[{"start":{"line":143,"column":8},"end":{"line":145,"column":9}},{"start":{"line":143,"column":8},"end":{"line":145,"column":9}}],"line":143},"8":{"loc":{"start":{"line":165,"column":4},"end":{"line":181,"column":5}},"type":"if","locations":[{"start":{"line":165,"column":4},"end":{"line":181,"column":5}},{"start":{"line":165,"column":4},"end":{"line":181,"column":5}}],"line":165},"9":{"loc":{"start":{"line":170,"column":8},"end":{"line":172,"column":9}},"type":"if","locations":[{"start":{"line":170,"column":8},"end":{"line":172,"column":9}},{"start":{"line":170,"column":8},"end":{"line":172,"column":9}}],"line":170}},"s":{"0":0,"1":0,"2":0,"3":0,"4":0,"5":0,"6":0,"7":0,"8":0,"9":0,"10":0,"11":0,"12":0,"13":0,"14":0,"15":0,"16":0,"17":0,"18":0,"19":0,"20":0,"21":0,"22":0,"23":0,"24":0,"25":0,"26":0,"27":0,"28":0,"29":0,"30":0,"31":0,"32":0,"33":0,"34":0,"35":0,"36":0,"37":0,"38":0,"39":0,"40":0,"41":0,"42":0,"43":0,"44":0,"45":0,"46":0,"47":0,"48":0,"49":0,"50":0,"51":0,"52":0,"53":0,"54":0,"55":0,"56":0,"57":0,"58":0,"59":0,"60":0,"61":0,"62":0,"63":0,"64":0,"65":0,"66":0,"67":0,"68":0,"69":0,"70":0,"71":0,"72":0,"73":0,"74":0,"75":0,"76":0,"77":0,"78":0,"79":0,"80":0,"81":0,"82":0,"83":0,"84":0,"85":0,"86":0,"87":0,"88":0,"89":0,"90":0,"91":0,"92":0,"93":0,"94":0,"95":1},"f":{"0":0,"1":0,"2":0,"3":0,"4":0,"5":0,"6":0,"7":0,"8":0,"9":0,"10":0,"11":0,"12":0,"13":0,"14":0,"15":0,"16":0,"17":0,"18":0,"19":0,"20":0,"21":0,"22":0,"23":0,"24":0,"25":0,"26":0,"27":0,"28":0,"29":0},"b":{"0":[0,0],"1":[0,0],"2":[0,0],"3":[0,0],"4":[0,0],"5":[0,0],"6":[0,0],"7":[0,0],"8":[0,0],"9":[0,0]},"_coverageSchema":"332fd63041d2c1bcb487cc26dd0d5f7d97098a6c","hash":"3b56964205b4d465ae23f7d3d74b11dffd9cff44"}
,"C:\\Users\\nada\\Desktop\\Thesis-Project-current\\Avengers-1\\familyApp\\app\\components\\Login.js": {"path":"C:\\Users\\nada\\Desktop\\Thesis-Project-current\\Avengers-1\\familyApp\\app\\components\\Login.js","statementMap":{"0":{"start":{"line":20,"column":4},"end":{"line":20,"column":17}},"1":{"start":{"line":21,"column":4},"end":{"line":24,"column":5}},"2":{"start":{"line":27,"column":4},"end":{"line":27,"column":57}},"3":{"start":{"line":28,"column":4},"end":{"line":28,"column":51}},"4":{"start":{"line":29,"column":4},"end":{"line":29,"column":49}},"5":{"start":{"line":30,"column":4},"end":{"line":30,"column":57}},"6":{"start":{"line":33,"column":14},"end":{"line":33,"column":18}},"7":{"start":{"line":34,"column":31},"end":{"line":34,"column":52}},"8":{"start":{"line":35,"column":12},"end":{"line":59,"column":12}},"9":{"start":{"line":39,"column":11},"end":{"line":39,"column":45}},"10":{"start":{"line":40,"column":22},"end":{"line":40,"column":56}},"11":{"start":{"line":41,"column":11},"end":{"line":55,"column":13}},"12":{"start":{"line":42,"column":12},"end":{"line":46,"column":13}},"13":{"start":{"line":43,"column":15},"end":{"line":43,"column":33}},"14":{"start":{"line":44,"column":18},"end":{"line":46,"column":13}},"15":{"start":{"line":45,"column":15},"end":{"line":45,"column":37}},"16":{"start":{"line":49,"column":16},"end":{"line":55,"column":13}},"17":{"start":{"line":50,"column":17},"end":{"line":50,"column":53}},"18":{"start":{"line":52,"column":17},"end":{"line":55,"column":13}},"19":{"start":{"line":53,"column":14},"end":{"line":53,"column":42}},"20":{"start":{"line":54,"column":17},"end":{"line":54,"column":35}},"21":{"start":{"line":58,"column":11},"end":{"line":58,"column":30}},"22":{"start":{"line":64,"column":6},"end":{"line":100,"column":6}},"23":{"start":{"line":74,"column":30},"end":{"line":74,"column":52}},"24":{"start":{"line":81,"column":34},"end":{"line":81,"column":59}},"25":{"start":{"line":93,"column":24},"end":{"line":93,"column":64}},"26":{"start":{"line":103,"column":15},"end":{"line":144,"column":2}}},"fnMap":{"0":{"name":"(anonymous_0)","decl":{"start":{"line":19,"column":2},"end":{"line":19,"column":3}},"loc":{"start":{"line":19,"column":20},"end":{"line":25,"column":3}},"line":19},"1":{"name":"(anonymous_1)","decl":{"start":{"line":26,"column":2},"end":{"line":26,"column":3}},"loc":{"start":{"line":26,"column":20},"end":{"line":31,"column":3}},"line":26},"2":{"name":"(anonymous_2)","decl":{"start":{"line":32,"column":1},"end":{"line":32,"column":2}},"loc":{"start":{"line":32,"column":12},"end":{"line":60,"column":1}},"line":32},"3":{"name":"(anonymous_3)","decl":{"start":{"line":38,"column":15},"end":{"line":38,"column":16}},"loc":{"start":{"line":38,"column":41},"end":{"line":56,"column":12}},"line":38},"4":{"name":"(anonymous_4)","decl":{"start":{"line":57,"column":16},"end":{"line":57,"column":17}},"loc":{"start":{"line":57,"column":33},"end":{"line":59,"column":10}},"line":57},"5":{"name":"(anonymous_5)","decl":{"start":{"line":61,"column":3},"end":{"line":61,"column":4}},"loc":{"start":{"line":61,"column":12},"end":{"line":101,"column":3}},"line":61},"6":{"name":"(anonymous_6)","decl":{"start":{"line":74,"column":19},"end":{"line":74,"column":20}},"loc":{"start":{"line":74,"column":30},"end":{"line":74,"column":52}},"line":74},"7":{"name":"(anonymous_7)","decl":{"start":{"line":81,"column":20},"end":{"line":81,"column":21}},"loc":{"start":{"line":81,"column":34},"end":{"line":81,"column":59}},"line":81},"8":{"name":"(anonymous_8)","decl":{"start":{"line":93,"column":17},"end":{"line":93,"column":18}},"loc":{"start":{"line":93,"column":24},"end":{"line":93,"column":64}},"line":93}},"branchMap":{"0":{"loc":{"start":{"line":41,"column":11},"end":{"line":55,"column":13}},"type":"if","locations":[{"start":{"line":41,"column":11},"end":{"line":55,"column":13}},{"start":{"line":41,"column":11},"end":{"line":55,"column":13}}],"line":41},"1":{"loc":{"start":{"line":42,"column":12},"end":{"line":46,"column":13}},"type":"if","locations":[{"start":{"line":42,"column":12},"end":{"line":46,"column":13}},{"start":{"line":42,"column":12},"end":{"line":46,"column":13}}],"line":42},"2":{"loc":{"start":{"line":42,"column":15},"end":{"line":42,"column":47}},"type":"binary-expr","locations":[{"start":{"line":42,"column":15},"end":{"line":42,"column":30}},{"start":{"line":42,"column":32},"end":{"line":42,"column":47}}],"line":42},"3":{"loc":{"start":{"line":44,"column":18},"end":{"line":46,"column":13}},"type":"if","locations":[{"start":{"line":44,"column":18},"end":{"line":46,"column":13}},{"start":{"line":44,"column":18},"end":{"line":46,"column":13}}],"line":44},"4":{"loc":{"start":{"line":49,"column":16},"end":{"line":55,"column":13}},"type":"if","locations":[{"start":{"line":49,"column":16},"end":{"line":55,"column":13}},{"start":{"line":49,"column":16},"end":{"line":55,"column":13}}],"line":49},"5":{"loc":{"start":{"line":52,"column":17},"end":{"line":55,"column":13}},"type":"if","locations":[{"start":{"line":52,"column":17},"end":{"line":55,"column":13}},{"start":{"line":52,"column":17},"end":{"line":55,"column":13}}],"line":52}},"s":{"0":1,"1":1,"2":0,"3":0,"4":0,"5":0,"6":0,"7":0,"8":0,"9":0,"10":0,"11":0,"12":0,"13":0,"14":0,"15":0,"16":0,"17":0,"18":0,"19":0,"20":0,"21":0,"22":1,"23":0,"24":0,"25":0,"26":3},"f":{"0":1,"1":0,"2":0,"3":0,"4":0,"5":1,"6":0,"7":0,"8":0},"b":{"0":[0,0],"1":[0,0],"2":[0,0],"3":[0,0],"4":[0,0],"5":[0,0]},"_coverageSchema":"332fd63041d2c1bcb487cc26dd0d5f7d97098a6c","hash":"ba3e2e717b78f62ce2d38bcdc4bc25ff801b21fa"}
,"C:\\Users\\nada\\Desktop\\Thesis-Project-current\\Avengers-1\\familyApp\\app\\components\\Shortage.js": {"path":"C:\\Users\\nada\\Desktop\\Thesis-Project-current\\Avengers-1\\familyApp\\app\\components\\Shortage.js","statementMap":{"0":{"start":{"line":23,"column":8},"end":{"line":23,"column":21}},"1":{"start":{"line":24,"column":8},"end":{"line":28,"column":9}},"2":{"start":{"line":29,"column":8},"end":{"line":29,"column":31}},"3":{"start":{"line":35,"column":13},"end":{"line":37,"column":6}},"4":{"start":{"line":36,"column":6},"end":{"line":36,"column":105}},"5":{"start":{"line":36,"column":79},"end":{"line":36,"column":101}},"6":{"start":{"line":38,"column":4},"end":{"line":59,"column":6}},"7":{"start":{"line":52,"column":54},"end":{"line":52,"column":79}},"8":{"start":{"line":63,"column":17},"end":{"line":63,"column":55}},"9":{"start":{"line":64,"column":4},"end":{"line":64,"column":26}},"10":{"start":{"line":65,"column":4},"end":{"line":74,"column":7}},"11":{"start":{"line":67,"column":7},"end":{"line":67,"column":53}},"12":{"start":{"line":68,"column":8},"end":{"line":68,"column":53}},"13":{"start":{"line":72,"column":6},"end":{"line":72,"column":25}},"14":{"start":{"line":73,"column":6},"end":{"line":73,"column":19}},"15":{"start":{"line":77,"column":4},"end":{"line":77,"column":18}},"16":{"start":{"line":81,"column":23},"end":{"line":81,"column":44}},"17":{"start":{"line":82,"column":14},"end":{"line":82,"column":18}},"18":{"start":{"line":83,"column":20},"end":{"line":83,"column":58}},"19":{"start":{"line":85,"column":4},"end":{"line":108,"column":5}},"20":{"start":{"line":87,"column":5},"end":{"line":105,"column":7}},"21":{"start":{"line":93,"column":6},"end":{"line":100,"column":7}},"22":{"start":{"line":94,"column":8},"end":{"line":94,"column":24}},"23":{"start":{"line":95,"column":8},"end":{"line":95,"column":23}},"24":{"start":{"line":98,"column":11},"end":{"line":100,"column":7}},"25":{"start":{"line":99,"column":8},"end":{"line":99,"column":23}},"26":{"start":{"line":103,"column":6},"end":{"line":103,"column":25}},"27":{"start":{"line":104,"column":6},"end":{"line":104,"column":19}},"28":{"start":{"line":107,"column":6},"end":{"line":107,"column":34}},"29":{"start":{"line":111,"column":4},"end":{"line":111,"column":38}},"30":{"start":{"line":112,"column":4},"end":{"line":112,"column":51}},"31":{"start":{"line":113,"column":18},"end":{"line":113,"column":56}},"32":{"start":{"line":115,"column":4},"end":{"line":132,"column":7}},"33":{"start":{"line":122,"column":6},"end":{"line":127,"column":7}},"34":{"start":{"line":123,"column":8},"end":{"line":123,"column":23}},"35":{"start":{"line":125,"column":11},"end":{"line":127,"column":7}},"36":{"start":{"line":126,"column":8},"end":{"line":126,"column":23}},"37":{"start":{"line":130,"column":6},"end":{"line":130,"column":25}},"38":{"start":{"line":131,"column":6},"end":{"line":131,"column":19}},"39":{"start":{"line":133,"column":6},"end":{"line":133,"column":34}},"40":{"start":{"line":136,"column":15},"end":{"line":194,"column":2}}},"fnMap":{"0":{"name":"(anonymous_0)","decl":{"start":{"line":22,"column":1},"end":{"line":22,"column":2}},"loc":{"start":{"line":22,"column":19},"end":{"line":30,"column":5}},"line":22},"1":{"name":"(anonymous_1)","decl":{"start":{"line":32,"column":2},"end":{"line":32,"column":3}},"loc":{"start":{"line":32,"column":11},"end":{"line":60,"column":3}},"line":32},"2":{"name":"(anonymous_2)","decl":{"start":{"line":35,"column":38},"end":{"line":35,"column":39}},"loc":{"start":{"line":35,"column":49},"end":{"line":37,"column":5}},"line":35},"3":{"name":"(anonymous_3)","decl":{"start":{"line":36,"column":75},"end":{"line":36,"column":76}},"loc":{"start":{"line":36,"column":79},"end":{"line":36,"column":101}},"line":36},"4":{"name":"(anonymous_4)","decl":{"start":{"line":52,"column":40},"end":{"line":52,"column":41}},"loc":{"start":{"line":52,"column":54},"end":{"line":52,"column":79}},"line":52},"5":{"name":"(anonymous_5)","decl":{"start":{"line":61,"column":2},"end":{"line":61,"column":3}},"loc":{"start":{"line":61,"column":17},"end":{"line":75,"column":3}},"line":61},"6":{"name":"(anonymous_6)","decl":{"start":{"line":66,"column":10},"end":{"line":66,"column":11}},"loc":{"start":{"line":66,"column":23},"end":{"line":70,"column":5}},"line":66},"7":{"name":"(anonymous_7)","decl":{"start":{"line":71,"column":11},"end":{"line":71,"column":12}},"loc":{"start":{"line":71,"column":21},"end":{"line":74,"column":5}},"line":71},"8":{"name":"(anonymous_8)","decl":{"start":{"line":76,"column":2},"end":{"line":76,"column":3}},"loc":{"start":{"line":76,"column":21},"end":{"line":78,"column":1}},"line":76},"9":{"name":"(anonymous_9)","decl":{"start":{"line":80,"column":3},"end":{"line":80,"column":4}},"loc":{"start":{"line":80,"column":18},"end":{"line":109,"column":3}},"line":80},"10":{"name":"(anonymous_10)","decl":{"start":{"line":92,"column":10},"end":{"line":92,"column":11}},"loc":{"start":{"line":92,"column":30},"end":{"line":101,"column":5}},"line":92},"11":{"name":"(anonymous_11)","decl":{"start":{"line":102,"column":11},"end":{"line":102,"column":12}},"loc":{"start":{"line":102,"column":28},"end":{"line":105,"column":5}},"line":102},"12":{"name":"(anonymous_12)","decl":{"start":{"line":110,"column":2},"end":{"line":110,"column":3}},"loc":{"start":{"line":110,"column":25},"end":{"line":134,"column":3}},"line":110},"13":{"name":"(anonymous_13)","decl":{"start":{"line":121,"column":10},"end":{"line":121,"column":11}},"loc":{"start":{"line":121,"column":30},"end":{"line":128,"column":5}},"line":121},"14":{"name":"(anonymous_14)","decl":{"start":{"line":129,"column":11},"end":{"line":129,"column":12}},"loc":{"start":{"line":129,"column":28},"end":{"line":132,"column":5}},"line":129}},"branchMap":{"0":{"loc":{"start":{"line":85,"column":4},"end":{"line":108,"column":5}},"type":"if","locations":[{"start":{"line":85,"column":4},"end":{"line":108,"column":5}},{"start":{"line":85,"column":4},"end":{"line":108,"column":5}}],"line":85},"1":{"loc":{"start":{"line":93,"column":6},"end":{"line":100,"column":7}},"type":"if","locations":[{"start":{"line":93,"column":6},"end":{"line":100,"column":7}},{"start":{"line":93,"column":6},"end":{"line":100,"column":7}}],"line":93},"2":{"loc":{"start":{"line":98,"column":11},"end":{"line":100,"column":7}},"type":"if","locations":[{"start":{"line":98,"column":11},"end":{"line":100,"column":7}},{"start":{"line":98,"column":11},"end":{"line":100,"column":7}}],"line":98},"3":{"loc":{"start":{"line":122,"column":6},"end":{"line":127,"column":7}},"type":"if","locations":[{"start":{"line":122,"column":6},"end":{"line":127,"column":7}},{"start":{"line":122,"column":6},"end":{"line":127,"column":7}}],"line":122},"4":{"loc":{"start":{"line":125,"column":11},"end":{"line":127,"column":7}},"type":"if","locations":[{"start":{"line":125,"column":11},"end":{"line":127,"column":7}},{"start":{"line":125,"column":11},"end":{"line":127,"column":7}}],"line":125}},"s":{"0":0,"1":0,"2":0,"3":0,"4":0,"5":0,"6":0,"7":0,"8":0,"9":0,"10":0,"11":0,"12":0,"13":0,"14":0,"15":0,"16":0,"17":0,"18":0,"19":0,"20":0,"21":0,"22":0,"23":0,"24":0,"25":0,"26":0,"27":0,"28":0,"29":0,"30":0,"31":0,"32":0,"33":0,"34":0,"35":0,"36":0,"37":0,"38":0,"39":0,"40":1},"f":{"0":0,"1":0,"2":0,"3":0,"4":0,"5":0,"6":0,"7":0,"8":0,"9":0,"10":0,"11":0,"12":0,"13":0,"14":0},"b":{"0":[0,0],"1":[0,0],"2":[0,0],"3":[0,0],"4":[0,0]},"_coverageSchema":"332fd63041d2c1bcb487cc26dd0d5f7d97098a6c","hash":"bc6b5c31b9da348ee2edeec75222fadf0da597f5"}
,"C:\\Users\\nada\\Desktop\\Thesis-Project-current\\Avengers-1\\familyApp\\app\\components\\ShortageNote.js": {"path":"C:\\Users\\nada\\Desktop\\Thesis-Project-current\\Avengers-1\\familyApp\\app\\components\\ShortageNote.js","statementMap":{"0":{"start":{"line":17,"column":0},"end":{"line":17,"column":2}},"1":{"start":{"line":21,"column":4},"end":{"line":33,"column":6}},"2":{"start":{"line":38,"column":15},"end":{"line":68,"column":2}}},"fnMap":{"0":{"name":"(anonymous_0)","decl":{"start":{"line":20,"column":2},"end":{"line":20,"column":3}},"loc":{"start":{"line":20,"column":11},"end":{"line":34,"column":3}},"line":20}},"branchMap":{},"s":{"0":1,"1":0,"2":1},"f":{"0":0},"b":{},"_coverageSchema":"332fd63041d2c1bcb487cc26dd0d5f7d97098a6c","hash":"cb0b68cdf2dbcd0fdecd1a81d9c09a7707e09c91"}
,"C:\\Users\\nada\\Desktop\\Thesis-Project-current\\Avengers-1\\familyApp\\app\\components\\SignUp.js": {"path":"C:\\Users\\nada\\Desktop\\Thesis-Project-current\\Avengers-1\\familyApp\\app\\components\\SignUp.js","statementMap":{"0":{"start":{"line":26,"column":8},"end":{"line":26,"column":21}},"1":{"start":{"line":28,"column":8},"end":{"line":35,"column":9}},"2":{"start":{"line":39,"column":14},"end":{"line":39,"column":61}},"3":{"start":{"line":40,"column":4},"end":{"line":45,"column":5}},"4":{"start":{"line":41,"column":5},"end":{"line":41,"column":18}},"5":{"start":{"line":44,"column":6},"end":{"line":44,"column":18}},"6":{"start":{"line":50,"column":2},"end":{"line":74,"column":2}},"7":{"start":{"line":51,"column":4},"end":{"line":51,"column":31}},"8":{"start":{"line":52,"column":8},"end":{"line":74,"column":2}},"9":{"start":{"line":54,"column":27},"end":{"line":54,"column":48}},"10":{"start":{"line":56,"column":4},"end":{"line":72,"column":5}},"11":{"start":{"line":61,"column":5},"end":{"line":66,"column":7}},"12":{"start":{"line":62,"column":10},"end":{"line":62,"column":27}},"13":{"start":{"line":64,"column":10},"end":{"line":66,"column":7}},"14":{"start":{"line":65,"column":11},"end":{"line":65,"column":40}},"15":{"start":{"line":71,"column":5},"end":{"line":71,"column":24}},"16":{"start":{"line":78,"column":4},"end":{"line":78,"column":34}},"17":{"start":{"line":83,"column":4},"end":{"line":167,"column":6}},"18":{"start":{"line":93,"column":18},"end":{"line":93,"column":39}},"19":{"start":{"line":97,"column":29},"end":{"line":97,"column":60}},"20":{"start":{"line":103,"column":29},"end":{"line":103,"column":57}},"21":{"start":{"line":110,"column":32},"end":{"line":110,"column":63}},"22":{"start":{"line":123,"column":33},"end":{"line":123,"column":71}},"23":{"start":{"line":146,"column":32},"end":{"line":146,"column":63}},"24":{"start":{"line":160,"column":24},"end":{"line":160,"column":63}},"25":{"start":{"line":172,"column":15},"end":{"line":242,"column":2}}},"fnMap":{"0":{"name":"(anonymous_0)","decl":{"start":{"line":25,"column":1},"end":{"line":25,"column":2}},"loc":{"start":{"line":25,"column":19},"end":{"line":36,"column":5}},"line":25},"1":{"name":"(anonymous_1)","decl":{"start":{"line":38,"column":0},"end":{"line":38,"column":1}},"loc":{"start":{"line":38,"column":21},"end":{"line":46,"column":1}},"line":38},"2":{"name":"(anonymous_2)","decl":{"start":{"line":49,"column":0},"end":{"line":49,"column":1}},"loc":{"start":{"line":49,"column":12},"end":{"line":75,"column":2}},"line":49},"3":{"name":"(anonymous_3)","decl":{"start":{"line":59,"column":9},"end":{"line":59,"column":10}},"loc":{"start":{"line":59,"column":29},"end":{"line":67,"column":6}},"line":59},"4":{"name":"(anonymous_4)","decl":{"start":{"line":70,"column":10},"end":{"line":70,"column":11}},"loc":{"start":{"line":70,"column":27},"end":{"line":72,"column":4}},"line":70},"5":{"name":"(anonymous_5)","decl":{"start":{"line":77,"column":0},"end":{"line":77,"column":1}},"loc":{"start":{"line":77,"column":23},"end":{"line":79,"column":3}},"line":77},"6":{"name":"(anonymous_6)","decl":{"start":{"line":82,"column":2},"end":{"line":82,"column":3}},"loc":{"start":{"line":82,"column":11},"end":{"line":168,"column":3}},"line":82},"7":{"name":"(anonymous_7)","decl":{"start":{"line":93,"column":9},"end":{"line":93,"column":10}},"loc":{"start":{"line":93,"column":17},"end":{"line":93,"column":40}},"line":93},"8":{"name":"(anonymous_8)","decl":{"start":{"line":97,"column":19},"end":{"line":97,"column":20}},"loc":{"start":{"line":97,"column":29},"end":{"line":97,"column":60}},"line":97},"9":{"name":"(anonymous_9)","decl":{"start":{"line":103,"column":19},"end":{"line":103,"column":20}},"loc":{"start":{"line":103,"column":29},"end":{"line":103,"column":57}},"line":103},"10":{"name":"(anonymous_10)","decl":{"start":{"line":110,"column":22},"end":{"line":110,"column":23}},"loc":{"start":{"line":110,"column":32},"end":{"line":110,"column":63}},"line":110},"11":{"name":"(anonymous_11)","decl":{"start":{"line":123,"column":22},"end":{"line":123,"column":23}},"loc":{"start":{"line":123,"column":32},"end":{"line":123,"column":72}},"line":123},"12":{"name":"(anonymous_12)","decl":{"start":{"line":146,"column":22},"end":{"line":146,"column":23}},"loc":{"start":{"line":146,"column":32},"end":{"line":146,"column":63}},"line":146},"13":{"name":"(anonymous_13)","decl":{"start":{"line":160,"column":17},"end":{"line":160,"column":18}},"loc":{"start":{"line":160,"column":24},"end":{"line":160,"column":63}},"line":160}},"branchMap":{"0":{"loc":{"start":{"line":40,"column":4},"end":{"line":45,"column":5}},"type":"if","locations":[{"start":{"line":40,"column":4},"end":{"line":45,"column":5}},{"start":{"line":40,"column":4},"end":{"line":45,"column":5}}],"line":40},"1":{"loc":{"start":{"line":50,"column":2},"end":{"line":74,"column":2}},"type":"if","locations":[{"start":{"line":50,"column":2},"end":{"line":74,"column":2}},{"start":{"line":50,"column":2},"end":{"line":74,"column":2}}],"line":50},"2":{"loc":{"start":{"line":50,"column":5},"end":{"line":50,"column":175}},"type":"binary-expr","locations":[{"start":{"line":50,"column":5},"end":{"line":50,"column":26}},{"start":{"line":50,"column":28},"end":{"line":50,"column":54}},{"start":{"line":50,"column":56},"end":{"line":50,"column":81}},{"start":{"line":50,"column":84},"end":{"line":50,"column":107}},{"start":{"line":50,"column":109},"end":{"line":50,"column":147}},{"start":{"line":50,"column":150},"end":{"line":50,"column":175}}],"line":50},"3":{"loc":{"start":{"line":52,"column":8},"end":{"line":74,"column":2}},"type":"if","locations":[{"start":{"line":52,"column":8},"end":{"line":74,"column":2}},{"start":{"line":52,"column":8},"end":{"line":74,"column":2}}],"line":52},"4":{"loc":{"start":{"line":61,"column":5},"end":{"line":66,"column":7}},"type":"if","locations":[{"start":{"line":61,"column":5},"end":{"line":66,"column":7}},{"start":{"line":61,"column":5},"end":{"line":66,"column":7}}],"line":61},"5":{"loc":{"start":{"line":64,"column":10},"end":{"line":66,"column":7}},"type":"if","locations":[{"start":{"line":64,"column":10},"end":{"line":66,"column":7}},{"start":{"line":64,"column":10},"end":{"line":66,"column":7}}],"line":64}},"s":{"0":1,"1":1,"2":0,"3":0,"4":0,"5":0,"6":0,"7":0,"8":0,"9":0,"10":0,"11":0,"12":0,"13":0,"14":0,"15":0,"16":0,"17":1,"18":0,"19":0,"20":0,"21":0,"22":0,"23":0,"24":0,"25":3},"f":{"0":1,"1":0,"2":0,"3":0,"4":0,"5":0,"6":1,"7":0,"8":0,"9":0,"10":0,"11":0,"12":0,"13":0},"b":{"0":[0,0],"1":[0,0],"2":[0,0,0,0,0,0],"3":[0,0],"4":[0,0],"5":[0,0]},"_coverageSchema":"332fd63041d2c1bcb487cc26dd0d5f7d97098a6c","hash":"da1604e65d5ae406517ab9b052dcf9904a8f8b4b"}
,"C:\\Users\\nada\\Desktop\\Thesis-Project-current\\Avengers-1\\familyApp\\app\\components\\TaskMonitor.js": {"path":"C:\\Users\\nada\\Desktop\\Thesis-Project-current\\Avengers-1\\familyApp\\app\\components\\TaskMonitor.js","statementMap":{"0":{"start":{"line":12,"column":2},"end":{"line":12,"column":15}},"1":{"start":{"line":13,"column":2},"end":{"line":19,"column":4}},"2":{"start":{"line":20,"column":2},"end":{"line":20,"column":39}},"3":{"start":{"line":21,"column":2},"end":{"line":21,"column":43}},"4":{"start":{"line":22,"column":2},"end":{"line":22,"column":47}},"5":{"start":{"line":26,"column":15},"end":{"line":26,"column":53}},"6":{"start":{"line":28,"column":1},"end":{"line":34,"column":6}},"7":{"start":{"line":30,"column":3},"end":{"line":30,"column":39}},"8":{"start":{"line":33,"column":5},"end":{"line":33,"column":24}},"9":{"start":{"line":39,"column":1},"end":{"line":39,"column":54}},"10":{"start":{"line":40,"column":1},"end":{"line":40,"column":45}},"11":{"start":{"line":41,"column":2},"end":{"line":44,"column":3}},"12":{"start":{"line":42,"column":3},"end":{"line":42,"column":45}},"13":{"start":{"line":43,"column":3},"end":{"line":43,"column":23}},"14":{"start":{"line":48,"column":1},"end":{"line":70,"column":3}},"15":{"start":{"line":50,"column":2},"end":{"line":53,"column":3}},"16":{"start":{"line":51,"column":3},"end":{"line":52,"column":15}},"17":{"start":{"line":52,"column":4},"end":{"line":52,"column":15}},"18":{"start":{"line":54,"column":16},"end":{"line":54,"column":47}},"19":{"start":{"line":55,"column":3},"end":{"line":69,"column":7}},"20":{"start":{"line":58,"column":4},"end":{"line":58,"column":31}},"21":{"start":{"line":59,"column":4},"end":{"line":59,"column":44}},"22":{"start":{"line":62,"column":4},"end":{"line":65,"column":5}},"23":{"start":{"line":63,"column":5},"end":{"line":63,"column":22}},"24":{"start":{"line":64,"column":5},"end":{"line":64,"column":35}},"25":{"start":{"line":68,"column":6},"end":{"line":68,"column":25}},"26":{"start":{"line":74,"column":1},"end":{"line":74,"column":16}},"27":{"start":{"line":78,"column":1},"end":{"line":99,"column":1}},"28":{"start":{"line":80,"column":1},"end":{"line":83,"column":2}},"29":{"start":{"line":81,"column":2},"end":{"line":82,"column":14}},"30":{"start":{"line":82,"column":3},"end":{"line":82,"column":14}},"31":{"start":{"line":85,"column":1},"end":{"line":98,"column":5}},"32":{"start":{"line":94,"column":2},"end":{"line":94,"column":27}},"33":{"start":{"line":97,"column":4},"end":{"line":97,"column":23}},"34":{"start":{"line":103,"column":1},"end":{"line":112,"column":2}},"35":{"start":{"line":104,"column":2},"end":{"line":111,"column":5}},"36":{"start":{"line":106,"column":4},"end":{"line":108,"column":5}},"37":{"start":{"line":107,"column":5},"end":{"line":107,"column":22}},"38":{"start":{"line":115,"column":2},"end":{"line":166,"column":2}},"39":{"start":{"line":122,"column":35},"end":{"line":122,"column":72}},"40":{"start":{"line":128,"column":11},"end":{"line":128,"column":85}},"41":{"start":{"line":133,"column":17},"end":{"line":133,"column":33}},"42":{"start":{"line":142,"column":27},"end":{"line":142,"column":58}},"43":{"start":{"line":146,"column":17},"end":{"line":146,"column":34}},"44":{"start":{"line":153,"column":6},"end":{"line":160,"column":5}},"45":{"start":{"line":158,"column":21},"end":{"line":158,"column":44}},"46":{"start":{"line":169,"column":15},"end":{"line":263,"column":2}}},"fnMap":{"0":{"name":"(anonymous_0)","decl":{"start":{"line":11,"column":1},"end":{"line":11,"column":2}},"loc":{"start":{"line":11,"column":19},"end":{"line":23,"column":2}},"line":11},"1":{"name":"(anonymous_1)","decl":{"start":{"line":25,"column":0},"end":{"line":25,"column":1}},"loc":{"start":{"line":25,"column":15},"end":{"line":35,"column":1}},"line":25},"2":{"name":"(anonymous_2)","decl":{"start":{"line":29,"column":8},"end":{"line":29,"column":9}},"loc":{"start":{"line":29,"column":21},"end":{"line":31,"column":4}},"line":29},"3":{"name":"(anonymous_3)","decl":{"start":{"line":32,"column":10},"end":{"line":32,"column":11}},"loc":{"start":{"line":32,"column":27},"end":{"line":34,"column":4}},"line":32},"4":{"name":"(anonymous_4)","decl":{"start":{"line":38,"column":0},"end":{"line":38,"column":1}},"loc":{"start":{"line":38,"column":18},"end":{"line":45,"column":1}},"line":38},"5":{"name":"(anonymous_5)","decl":{"start":{"line":47,"column":0},"end":{"line":47,"column":1}},"loc":{"start":{"line":47,"column":18},"end":{"line":71,"column":1}},"line":47},"6":{"name":"(anonymous_6)","decl":{"start":{"line":57,"column":9},"end":{"line":57,"column":10}},"loc":{"start":{"line":57,"column":22},"end":{"line":66,"column":5}},"line":57},"7":{"name":"(anonymous_7)","decl":{"start":{"line":67,"column":11},"end":{"line":67,"column":12}},"loc":{"start":{"line":67,"column":28},"end":{"line":69,"column":5}},"line":67},"8":{"name":"(anonymous_8)","decl":{"start":{"line":73,"column":0},"end":{"line":73,"column":1}},"loc":{"start":{"line":73,"column":19},"end":{"line":75,"column":1}},"line":73},"9":{"name":"(anonymous_9)","decl":{"start":{"line":77,"column":0},"end":{"line":77,"column":1}},"loc":{"start":{"line":77,"column":12},"end":{"line":100,"column":1}},"line":77},"10":{"name":"(anonymous_10)","decl":{"start":{"line":93,"column":7},"end":{"line":93,"column":8}},"loc":{"start":{"line":93,"column":20},"end":{"line":95,"column":3}},"line":93},"11":{"name":"(anonymous_11)","decl":{"start":{"line":96,"column":9},"end":{"line":96,"column":10}},"loc":{"start":{"line":96,"column":26},"end":{"line":98,"column":3}},"line":96},"12":{"name":"(anonymous_12)","decl":{"start":{"line":102,"column":0},"end":{"line":102,"column":1}},"loc":{"start":{"line":102,"column":17},"end":{"line":113,"column":1}},"line":102},"13":{"name":"(anonymous_13)","decl":{"start":{"line":105,"column":9},"end":{"line":105,"column":10}},"loc":{"start":{"line":105,"column":21},"end":{"line":109,"column":4}},"line":105},"14":{"name":"(anonymous_14)","decl":{"start":{"line":110,"column":10},"end":{"line":110,"column":11}},"loc":{"start":{"line":110,"column":23},"end":{"line":111,"column":4}},"line":110},"15":{"name":"(anonymous_15)","decl":{"start":{"line":114,"column":1},"end":{"line":114,"column":2}},"loc":{"start":{"line":114,"column":10},"end":{"line":167,"column":2}},"line":114},"16":{"name":"(anonymous_16)","decl":{"start":{"line":122,"column":17},"end":{"line":122,"column":18}},"loc":{"start":{"line":122,"column":35},"end":{"line":122,"column":72}},"line":122},"17":{"name":"(anonymous_17)","decl":{"start":{"line":127,"column":29},"end":{"line":127,"column":30}},"loc":{"start":{"line":127,"column":42},"end":{"line":129,"column":6}},"line":127},"18":{"name":"(anonymous_18)","decl":{"start":{"line":133,"column":12},"end":{"line":133,"column":13}},"loc":{"start":{"line":133,"column":17},"end":{"line":133,"column":33}},"line":133},"19":{"name":"(anonymous_19)","decl":{"start":{"line":142,"column":17},"end":{"line":142,"column":18}},"loc":{"start":{"line":142,"column":27},"end":{"line":142,"column":58}},"line":142},"20":{"name":"(anonymous_20)","decl":{"start":{"line":146,"column":12},"end":{"line":146,"column":13}},"loc":{"start":{"line":146,"column":17},"end":{"line":146,"column":34}},"line":146},"21":{"name":"(anonymous_21)","decl":{"start":{"line":152,"column":30},"end":{"line":152,"column":31}},"loc":{"start":{"line":152,"column":41},"end":{"line":161,"column":5}},"line":152},"22":{"name":"(anonymous_22)","decl":{"start":{"line":158,"column":16},"end":{"line":158,"column":17}},"loc":{"start":{"line":158,"column":21},"end":{"line":158,"column":44}},"line":158}},"branchMap":{"0":{"loc":{"start":{"line":41,"column":2},"end":{"line":44,"column":3}},"type":"if","locations":[{"start":{"line":41,"column":2},"end":{"line":44,"column":3}},{"start":{"line":41,"column":2},"end":{"line":44,"column":3}}],"line":41},"1":{"loc":{"start":{"line":41,"column":5},"end":{"line":41,"column":70}},"type":"binary-expr","locations":[{"start":{"line":41,"column":5},"end":{"line":41,"column":30}},{"start":{"line":41,"column":34},"end":{"line":41,"column":70}}],"line":41},"2":{"loc":{"start":{"line":48,"column":1},"end":{"line":70,"column":3}},"type":"if","locations":[{"start":{"line":48,"column":1},"end":{"line":70,"column":3}},{"start":{"line":48,"column":1},"end":{"line":70,"column":3}}],"line":48},"3":{"loc":{"start":{"line":51,"column":3},"end":{"line":52,"column":15}},"type":"if","locations":[{"start":{"line":51,"column":3},"end":{"line":52,"column":15}},{"start":{"line":51,"column":3},"end":{"line":52,"column":15}}],"line":51},"4":{"loc":{"start":{"line":78,"column":1},"end":{"line":99,"column":1}},"type":"if","locations":[{"start":{"line":78,"column":1},"end":{"line":99,"column":1}},{"start":{"line":78,"column":1},"end":{"line":99,"column":1}}],"line":78},"5":{"loc":{"start":{"line":81,"column":2},"end":{"line":82,"column":14}},"type":"if","locations":[{"start":{"line":81,"column":2},"end":{"line":82,"column":14}},{"start":{"line":81,"column":2},"end":{"line":82,"column":14}}],"line":81},"6":{"loc":{"start":{"line":103,"column":1},"end":{"line":112,"column":2}},"type":"if","locations":[{"start":{"line":103,"column":1},"end":{"line":112,"column":2}},{"start":{"line":103,"column":1},"end":{"line":112,"column":2}}],"line":103},"7":{"loc":{"start":{"line":106,"column":4},"end":{"line":108,"column":5}},"type":"if","locations":[{"start":{"line":106,"column":4},"end":{"line":108,"column":5}},{"start":{"line":106,"column":4},"end":{"line":108,"column":5}}],"line":106},"8":{"loc":{"start":{"line":156,"column":18},"end":{"line":156,"column":92}},"type":"cond-expr","locations":[{"start":{"line":156,"column":55},"end":{"line":156,"column":72}},{"start":{"line":156,"column":73},"end":{"line":156,"column":92}}],"line":156}},"s":{"0":0,"1":0,"2":0,"3":0,"4":0,"5":0,"6":0,"7":0,"8":0,"9":0,"10":0,"11":0,"12":0,"13":0,"14":0,"15":0,"16":0,"17":0,"18":0,"19":0,"20":0,"21":0,"22":0,"23":0,"24":0,"25":0,"26":0,"27":0,"28":0,"29":0,"30":0,"31":0,"32":0,"33":0,"34":0,"35":0,"36":0,"37":0,"38":0,"39":0,"40":0,"41":0,"42":0,"43":0,"44":0,"45":0,"46":1},"f":{"0":0,"1":0,"2":0,"3":0,"4":0,"5":0,"6":0,"7":0,"8":0,"9":0,"10":0,"11":0,"12":0,"13":0,"14":0,"15":0,"16":0,"17":0,"18":0,"19":0,"20":0,"21":0,"22":0},"b":{"0":[0,0],"1":[0,0],"2":[0,0],"3":[0,0],"4":[0,0],"5":[0,0],"6":[0,0],"7":[0,0],"8":[0,0]},"_coverageSchema":"332fd63041d2c1bcb487cc26dd0d5f7d97098a6c","hash":"31bf5bd8e7b10d196763f0b07d03e4752b516d14"}
,"C:\\Users\\nada\\Desktop\\Thesis-Project-current\\Avengers-1\\familyApp\\app\\components\\Tasks.js": {"path":"C:\\Users\\nada\\Desktop\\Thesis-Project-current\\Avengers-1\\familyApp\\app\\components\\Tasks.js","statementMap":{"0":{"start":{"line":10,"column":19},"end":{"line":13,"column":5}},"1":{"start":{"line":12,"column":18},"end":{"line":12,"column":82}},"2":{"start":{"line":16,"column":4},"end":{"line":16,"column":17}},"3":{"start":{"line":18,"column":4},"end":{"line":22,"column":5}},"4":{"start":{"line":25,"column":4},"end":{"line":25,"column":41}},"5":{"start":{"line":30,"column":16},"end":{"line":30,"column":50}},"6":{"start":{"line":31,"column":6},"end":{"line":31,"column":33}},"7":{"start":{"line":37,"column":2},"end":{"line":37,"column":17}},"8":{"start":{"line":40,"column":21},"end":{"line":40,"column":42}},"9":{"start":{"line":41,"column":4},"end":{"line":55,"column":6}},"10":{"start":{"line":47,"column":26},"end":{"line":47,"column":49}},"11":{"start":{"line":59,"column":15},"end":{"line":113,"column":2}}},"fnMap":{"0":{"name":"(anonymous_0)","decl":{"start":{"line":10,"column":12},"end":{"line":10,"column":13}},"loc":{"start":{"line":10,"column":19},"end":{"line":13,"column":5}},"line":10},"1":{"name":"(anonymous_1)","decl":{"start":{"line":12,"column":12},"end":{"line":12,"column":13}},"loc":{"start":{"line":12,"column":18},"end":{"line":12,"column":82}},"line":12},"2":{"name":"(anonymous_2)","decl":{"start":{"line":15,"column":0},"end":{"line":15,"column":1}},"loc":{"start":{"line":15,"column":18},"end":{"line":26,"column":3}},"line":15},"3":{"name":"(anonymous_3)","decl":{"start":{"line":29,"column":0},"end":{"line":29,"column":1}},"loc":{"start":{"line":29,"column":15},"end":{"line":33,"column":1}},"line":29},"4":{"name":"(anonymous_4)","decl":{"start":{"line":36,"column":0},"end":{"line":36,"column":1}},"loc":{"start":{"line":36,"column":19},"end":{"line":38,"column":3}},"line":36},"5":{"name":"(anonymous_5)","decl":{"start":{"line":39,"column":0},"end":{"line":39,"column":1}},"loc":{"start":{"line":39,"column":9},"end":{"line":56,"column":3}},"line":39},"6":{"name":"(anonymous_6)","decl":{"start":{"line":47,"column":19},"end":{"line":47,"column":20}},"loc":{"start":{"line":47,"column":26},"end":{"line":47,"column":49}},"line":47}},"branchMap":{},"s":{"0":0,"1":0,"2":0,"3":0,"4":0,"5":0,"6":0,"7":0,"8":0,"9":0,"10":0,"11":1},"f":{"0":0,"1":0,"2":0,"3":0,"4":0,"5":0,"6":0},"b":{},"_coverageSchema":"332fd63041d2c1bcb487cc26dd0d5f7d97098a6c","hash":"c7510494e59845765e3df6bd98075f9e9e6ea793"}
,"C:\\Users\\nada\\Desktop\\Thesis-Project-current\\Avengers-1\\familyApp\\app\\components\\TasksDisplay.js": {"path":"C:\\Users\\nada\\Desktop\\Thesis-Project-current\\Avengers-1\\familyApp\\app\\components\\TasksDisplay.js","statementMap":{"0":{"start":{"line":13,"column":2},"end":{"line":13,"column":15}},"1":{"start":{"line":14,"column":2},"end":{"line":18,"column":4}},"2":{"start":{"line":19,"column":2},"end":{"line":19,"column":41}},"3":{"start":{"line":20,"column":2},"end":{"line":20,"column":47}},"4":{"start":{"line":21,"column":2},"end":{"line":21,"column":57}},"5":{"start":{"line":27,"column":13},"end":{"line":27,"column":46}},"6":{"start":{"line":29,"column":2},"end":{"line":41,"column":6}},"7":{"start":{"line":32,"column":3},"end":{"line":32,"column":40}},"8":{"start":{"line":33,"column":3},"end":{"line":33,"column":19}},"9":{"start":{"line":34,"column":3},"end":{"line":37,"column":4}},"10":{"start":{"line":35,"column":4},"end":{"line":35,"column":63}},"11":{"start":{"line":36,"column":4},"end":{"line":36,"column":48}},"12":{"start":{"line":40,"column":5},"end":{"line":40,"column":24}},"13":{"start":{"line":45,"column":15},"end":{"line":45,"column":50}},"14":{"start":{"line":47,"column":2},"end":{"line":68,"column":6}},"15":{"start":{"line":52,"column":3},"end":{"line":52,"column":43}},"16":{"start":{"line":54,"column":17},"end":{"line":54,"column":18}},"17":{"start":{"line":55,"column":3},"end":{"line":59,"column":2}},"18":{"start":{"line":56,"column":4},"end":{"line":58,"column":3}},"19":{"start":{"line":57,"column":5},"end":{"line":57,"column":17}},"20":{"start":{"line":60,"column":1},"end":{"line":62,"column":2}},"21":{"start":{"line":61,"column":2},"end":{"line":61,"column":91}},"22":{"start":{"line":67,"column":5},"end":{"line":67,"column":24}},"23":{"start":{"line":72,"column":2},"end":{"line":72,"column":18}},"24":{"start":{"line":76,"column":2},"end":{"line":76,"column":55}},"25":{"start":{"line":77,"column":2},"end":{"line":77,"column":46}},"26":{"start":{"line":78,"column":3},"end":{"line":81,"column":4}},"27":{"start":{"line":79,"column":4},"end":{"line":79,"column":49}},"28":{"start":{"line":80,"column":4},"end":{"line":80,"column":33}},"29":{"start":{"line":99,"column":2},"end":{"line":122,"column":4}},"30":{"start":{"line":106,"column":6},"end":{"line":113,"column":12}},"31":{"start":{"line":111,"column":28},"end":{"line":111,"column":51}},"32":{"start":{"line":126,"column":15},"end":{"line":169,"column":2}}},"fnMap":{"0":{"name":"(anonymous_0)","decl":{"start":{"line":12,"column":1},"end":{"line":12,"column":2}},"loc":{"start":{"line":12,"column":19},"end":{"line":23,"column":2}},"line":12},"1":{"name":"(anonymous_1)","decl":{"start":{"line":25,"column":1},"end":{"line":25,"column":2}},"loc":{"start":{"line":25,"column":27},"end":{"line":42,"column":2}},"line":25},"2":{"name":"(anonymous_2)","decl":{"start":{"line":31,"column":8},"end":{"line":31,"column":9}},"loc":{"start":{"line":31,"column":20},"end":{"line":38,"column":3}},"line":31},"3":{"name":"(anonymous_3)","decl":{"start":{"line":39,"column":9},"end":{"line":39,"column":10}},"loc":{"start":{"line":39,"column":26},"end":{"line":41,"column":4}},"line":39},"4":{"name":"(anonymous_4)","decl":{"start":{"line":44,"column":1},"end":{"line":44,"column":2}},"loc":{"start":{"line":44,"column":17},"end":{"line":69,"column":2}},"line":44},"5":{"name":"(anonymous_5)","decl":{"start":{"line":50,"column":8},"end":{"line":50,"column":9}},"loc":{"start":{"line":50,"column":21},"end":{"line":65,"column":8}},"line":50},"6":{"name":"(anonymous_6)","decl":{"start":{"line":66,"column":10},"end":{"line":66,"column":11}},"loc":{"start":{"line":66,"column":27},"end":{"line":68,"column":4}},"line":66},"7":{"name":"(anonymous_7)","decl":{"start":{"line":71,"column":1},"end":{"line":71,"column":2}},"loc":{"start":{"line":71,"column":20},"end":{"line":73,"column":2}},"line":71},"8":{"name":"(anonymous_8)","decl":{"start":{"line":75,"column":1},"end":{"line":75,"column":2}},"loc":{"start":{"line":75,"column":19},"end":{"line":82,"column":2}},"line":75},"9":{"name":"(anonymous_9)","decl":{"start":{"line":98,"column":1},"end":{"line":98,"column":2}},"loc":{"start":{"line":98,"column":10},"end":{"line":123,"column":2}},"line":98},"10":{"name":"(anonymous_10)","decl":{"start":{"line":105,"column":33},"end":{"line":105,"column":34}},"loc":{"start":{"line":105,"column":44},"end":{"line":113,"column":13}},"line":105},"11":{"name":"(anonymous_11)","decl":{"start":{"line":111,"column":16},"end":{"line":111,"column":17}},"loc":{"start":{"line":111,"column":28},"end":{"line":111,"column":51}},"line":111}},"branchMap":{"0":{"loc":{"start":{"line":34,"column":3},"end":{"line":37,"column":4}},"type":"if","locations":[{"start":{"line":34,"column":3},"end":{"line":37,"column":4}},{"start":{"line":34,"column":3},"end":{"line":37,"column":4}}],"line":34},"1":{"loc":{"start":{"line":56,"column":4},"end":{"line":58,"column":3}},"type":"if","locations":[{"start":{"line":56,"column":4},"end":{"line":58,"column":3}},{"start":{"line":56,"column":4},"end":{"line":58,"column":3}}],"line":56},"2":{"loc":{"start":{"line":60,"column":1},"end":{"line":62,"column":2}},"type":"if","locations":[{"start":{"line":60,"column":1},"end":{"line":62,"column":2}},{"start":{"line":60,"column":1},"end":{"line":62,"column":2}}],"line":60},"3":{"loc":{"start":{"line":78,"column":3},"end":{"line":81,"column":4}},"type":"if","locations":[{"start":{"line":78,"column":3},"end":{"line":81,"column":4}},{"start":{"line":78,"column":3},"end":{"line":81,"column":4}}],"line":78},"4":{"loc":{"start":{"line":109,"column":18},"end":{"line":109,"column":92}},"type":"cond-expr","locations":[{"start":{"line":109,"column":55},"end":{"line":109,"column":72}},{"start":{"line":109,"column":73},"end":{"line":109,"column":92}}],"line":109}},"s":{"0":0,"1":0,"2":0,"3":0,"4":0,"5":0,"6":0,"7":0,"8":0,"9":0,"10":0,"11":0,"12":0,"13":0,"14":0,"15":0,"16":0,"17":0,"18":0,"19":0,"20":0,"21":0,"22":0,"23":0,"24":0,"25":0,"26":0,"27":0,"28":0,"29":0,"30":0,"31":0,"32":1},"f":{"0":0,"1":0,"2":0,"3":0,"4":0,"5":0,"6":0,"7":0,"8":0,"9":0,"10":0,"11":0},"b":{"0":[0,0],"1":[0,0],"2":[0,0],"3":[0,0],"4":[0,0]},"_coverageSchema":"332fd63041d2c1bcb487cc26dd0d5f7d97098a6c","hash":"072a70663729b26e0c5aa5fcf5b298eda6e6639d"}
,"C:\\Users\\nada\\Desktop\\Thesis-Project-current\\Avengers-1\\familyApp\\app\\components\\Try.js": {"path":"C:\\Users\\nada\\Desktop\\Thesis-Project-current\\Avengers-1\\familyApp\\app\\components\\Try.js","statementMap":{"0":{"start":{"line":9,"column":4},"end":{"line":9,"column":12}},"1":{"start":{"line":10,"column":4},"end":{"line":12,"column":6}},"2":{"start":{"line":15,"column":4},"end":{"line":15,"column":43}},"3":{"start":{"line":18,"column":4},"end":{"line":18,"column":44}},"4":{"start":{"line":21,"column":4},"end":{"line":21,"column":44}},"5":{"start":{"line":24,"column":4},"end":{"line":30,"column":5}},"6":{"start":{"line":25,"column":21},"end":{"line":25,"column":60}},"7":{"start":{"line":26,"column":6},"end":{"line":26,"column":47}},"8":{"start":{"line":29,"column":6},"end":{"line":29,"column":18}},"9":{"start":{"line":34,"column":4},"end":{"line":56,"column":6}}},"fnMap":{"0":{"name":"(anonymous_0)","decl":{"start":{"line":7,"column":2},"end":{"line":7,"column":3}},"loc":{"start":{"line":7,"column":15},"end":{"line":13,"column":3}},"line":7},"1":{"name":"(anonymous_1)","decl":{"start":{"line":14,"column":2},"end":{"line":14,"column":3}},"loc":{"start":{"line":14,"column":14},"end":{"line":16,"column":3}},"line":14},"2":{"name":"(anonymous_2)","decl":{"start":{"line":17,"column":2},"end":{"line":17,"column":3}},"loc":{"start":{"line":17,"column":16},"end":{"line":19,"column":3}},"line":17},"3":{"name":"(anonymous_3)","decl":{"start":{"line":20,"column":2},"end":{"line":20,"column":3}},"loc":{"start":{"line":20,"column":16},"end":{"line":22,"column":3}},"line":20},"4":{"name":"(anonymous_4)","decl":{"start":{"line":23,"column":11},"end":{"line":23,"column":12}},"loc":{"start":{"line":23,"column":20},"end":{"line":31,"column":3}},"line":23},"5":{"name":"(anonymous_5)","decl":{"start":{"line":33,"column":2},"end":{"line":33,"column":3}},"loc":{"start":{"line":33,"column":11},"end":{"line":57,"column":3}},"line":33}},"branchMap":{},"s":{"0":0,"1":0,"2":0,"3":0,"4":0,"5":0,"6":0,"7":0,"8":0,"9":0},"f":{"0":0,"1":0,"2":0,"3":0,"4":0,"5":0},"b":{},"_coverageSchema":"332fd63041d2c1bcb487cc26dd0d5f7d97098a6c","hash":"29beca69119bb6753062b68c34f529960207cd6a"}
,"C:\\Users\\nada\\Desktop\\Thesis-Project-current\\Avengers-1\\familyApp\\app\\components\\UserInfo.js": {"path":"C:\\Users\\nada\\Desktop\\Thesis-Project-current\\Avengers-1\\familyApp\\app\\components\\UserInfo.js","statementMap":{"0":{"start":{"line":26,"column":8},"end":{"line":26,"column":21}},"1":{"start":{"line":28,"column":8},"end":{"line":37,"column":9}},"2":{"start":{"line":56,"column":0},"end":{"line":72,"column":6}},"3":{"start":{"line":61,"column":5},"end":{"line":66,"column":7}},"4":{"start":{"line":62,"column":10},"end":{"line":62,"column":26}},"5":{"start":{"line":64,"column":10},"end":{"line":66,"column":7}},"6":{"start":{"line":65,"column":11},"end":{"line":65,"column":25}},"7":{"start":{"line":71,"column":5},"end":{"line":71,"column":24}},"8":{"start":{"line":76,"column":24},"end":{"line":76,"column":45}},"9":{"start":{"line":77,"column":4},"end":{"line":146,"column":6}},"10":{"start":{"line":88,"column":18},"end":{"line":88,"column":39}},"11":{"start":{"line":92,"column":29},"end":{"line":92,"column":60}},"12":{"start":{"line":98,"column":29},"end":{"line":98,"column":63}},"13":{"start":{"line":104,"column":32},"end":{"line":104,"column":65}},"14":{"start":{"line":111,"column":32},"end":{"line":111,"column":63}},"15":{"start":{"line":117,"column":32},"end":{"line":117,"column":61}},"16":{"start":{"line":123,"column":32},"end":{"line":123,"column":63}},"17":{"start":{"line":129,"column":32},"end":{"line":129,"column":67}},"18":{"start":{"line":153,"column":15},"end":{"line":213,"column":2}}},"fnMap":{"0":{"name":"(anonymous_0)","decl":{"start":{"line":25,"column":1},"end":{"line":25,"column":2}},"loc":{"start":{"line":25,"column":19},"end":{"line":38,"column":5}},"line":25},"1":{"name":"(anonymous_1)","decl":{"start":{"line":40,"column":1},"end":{"line":40,"column":2}},"loc":{"start":{"line":40,"column":20},"end":{"line":42,"column":2}},"line":40},"2":{"name":"(anonymous_2)","decl":{"start":{"line":53,"column":0},"end":{"line":53,"column":1}},"loc":{"start":{"line":53,"column":10},"end":{"line":73,"column":3}},"line":53},"3":{"name":"(anonymous_3)","decl":{"start":{"line":59,"column":9},"end":{"line":59,"column":10}},"loc":{"start":{"line":59,"column":29},"end":{"line":67,"column":6}},"line":59},"4":{"name":"(anonymous_4)","decl":{"start":{"line":70,"column":10},"end":{"line":70,"column":11}},"loc":{"start":{"line":70,"column":27},"end":{"line":72,"column":4}},"line":70},"5":{"name":"(anonymous_5)","decl":{"start":{"line":75,"column":2},"end":{"line":75,"column":3}},"loc":{"start":{"line":75,"column":11},"end":{"line":147,"column":3}},"line":75},"6":{"name":"(anonymous_6)","decl":{"start":{"line":88,"column":9},"end":{"line":88,"column":10}},"loc":{"start":{"line":88,"column":17},"end":{"line":88,"column":40}},"line":88},"7":{"name":"(anonymous_7)","decl":{"start":{"line":92,"column":19},"end":{"line":92,"column":20}},"loc":{"start":{"line":92,"column":29},"end":{"line":92,"column":60}},"line":92},"8":{"name":"(anonymous_8)","decl":{"start":{"line":98,"column":19},"end":{"line":98,"column":20}},"loc":{"start":{"line":98,"column":29},"end":{"line":98,"column":63}},"line":98},"9":{"name":"(anonymous_9)","decl":{"start":{"line":104,"column":22},"end":{"line":104,"column":23}},"loc":{"start":{"line":104,"column":32},"end":{"line":104,"column":65}},"line":104},"10":{"name":"(anonymous_10)","decl":{"start":{"line":111,"column":22},"end":{"line":111,"column":23}},"loc":{"start":{"line":111,"column":32},"end":{"line":111,"column":63}},"line":111},"11":{"name":"(anonymous_11)","decl":{"start":{"line":117,"column":22},"end":{"line":117,"column":23}},"loc":{"start":{"line":117,"column":32},"end":{"line":117,"column":61}},"line":117},"12":{"name":"(anonymous_12)","decl":{"start":{"line":123,"column":22},"end":{"line":123,"column":23}},"loc":{"start":{"line":123,"column":32},"end":{"line":123,"column":63}},"line":123},"13":{"name":"(anonymous_13)","decl":{"start":{"line":129,"column":22},"end":{"line":129,"column":23}},"loc":{"start":{"line":129,"column":32},"end":{"line":129,"column":67}},"line":129}},"branchMap":{"0":{"loc":{"start":{"line":61,"column":5},"end":{"line":66,"column":7}},"type":"if","locations":[{"start":{"line":61,"column":5},"end":{"line":66,"column":7}},{"start":{"line":61,"column":5},"end":{"line":66,"column":7}}],"line":61},"1":{"loc":{"start":{"line":64,"column":10},"end":{"line":66,"column":7}},"type":"if","locations":[{"start":{"line":64,"column":10},"end":{"line":66,"column":7}},{"start":{"line":64,"column":10},"end":{"line":66,"column":7}}],"line":64}},"s":{"0":0,"1":0,"2":0,"3":0,"4":0,"5":0,"6":0,"7":0,"8":0,"9":0,"10":0,"11":0,"12":0,"13":0,"14":0,"15":0,"16":0,"17":0,"18":1},"f":{"0":0,"1":0,"2":0,"3":0,"4":0,"5":0,"6":0,"7":0,"8":0,"9":0,"10":0,"11":0,"12":0,"13":0},"b":{"0":[0,0],"1":[0,0]},"_coverageSchema":"332fd63041d2c1bcb487cc26dd0d5f7d97098a6c","hash":"244ae95e6fe3e5ee862382bb1b393795caa29ed6"}
,"C:\\Users\\nada\\Desktop\\Thesis-Project-current\\Avengers-1\\familyApp\\app\\components\\__test__\\setupTests.js": {"path":"C:\\Users\\nada\\Desktop\\Thesis-Project-current\\Avengers-1\\familyApp\\app\\components\\__test__\\setupTests.js","statementMap":{"0":{"start":{"line":4,"column":0},"end":{"line":4,"column":38}}},"fnMap":{},"branchMap":{},"s":{"0":3},"f":{},"b":{},"_coverageSchema":"332fd63041d2c1bcb487cc26dd0d5f7d97098a6c","hash":"b50504e566bee7f7ff38a2694140b03ad55f240d"}
}
